<?xml version="1.0" encoding="UTF-8"?>
<!-- Generated by org.testng.reporters.JUnitReportReporter -->
<testsuite hostname="DESKTOP-EPHH5N9" failures="0" tests="1" name="mandatoryHomeWork.selenium.day1.JiraAutomation" time="26.319" errors="0" timestamp="2023-09-09T15:49:45 IST" skipped="0">
  <testcase classname="mandatoryHomeWork.selenium.day1.JiraAutomation" name="setup" time="26.319"/>
  <system-out/>
</testsuite> <!-- mandatoryHomeWork.selenium.day1.JiraAutomation -->
