<?xml version="1.0" encoding="UTF-8"?>
<!-- Generated by org.testng.reporters.JUnitReportReporter -->
<testsuite hostname="DESKTOP-EPHH5N9" failures="0" tests="1" name="mandatoryHomeWork.DSA.week11.caloriesProblem" time="0.013" errors="0" timestamp="2023-09-10T11:04:33 IST" skipped="0">
  <testcase classname="mandatoryHomeWork.DSA.week11.caloriesProblem" name="testName" time="0.013"/>
  <system-out/>
</testsuite> <!-- mandatoryHomeWork.DSA.week11.caloriesProblem -->
